Determining if the Q_WS_X11 exist failed with the following output:
Change Dir: /Users/yueguo/Downloads/HFO/build/CMakeFiles/CMakeTmp

Run Build Command(s):/usr/bin/make cmTC_a0e55/fast && /Library/Developer/CommandLineTools/usr/bin/make  -f CMakeFiles/cmTC_a0e55.dir/build.make CMakeFiles/cmTC_a0e55.dir/build
Building CXX object CMakeFiles/cmTC_a0e55.dir/CheckSymbolExists.cxx.o
/Library/Developer/CommandLineTools/usr/bin/c++  -F/usr/local/lib -std=c++11 -fPIC  -o CMakeFiles/cmTC_a0e55.dir/CheckSymbolExists.cxx.o -c /Users/yueguo/Downloads/HFO/build/CMakeFiles/CMakeTmp/CheckSymbolExists.cxx
/Users/yueguo/Downloads/HFO/build/CMakeFiles/CMakeTmp/CheckSymbolExists.cxx:8:19: error: use of undeclared identifier 'Q_WS_X11'
  return ((int*)(&Q_WS_X11))[argc];
                  ^
1 error generated.
make[1]: *** [CMakeFiles/cmTC_a0e55.dir/CheckSymbolExists.cxx.o] Error 1
make: *** [cmTC_a0e55/fast] Error 2


File /Users/yueguo/Downloads/HFO/build/CMakeFiles/CMakeTmp/CheckSymbolExists.cxx:
/* */
#include <QtCore/qglobal.h>

int main(int argc, char** argv)
{
  (void)argv;
#ifndef Q_WS_X11
  return ((int*)(&Q_WS_X11))[argc];
#else
  (void)argc;
  return 0;
#endif
}
Determining if the Q_WS_WIN exist failed with the following output:
Change Dir: /Users/yueguo/Downloads/HFO/build/CMakeFiles/CMakeTmp

Run Build Command(s):/usr/bin/make cmTC_d3013/fast && /Library/Developer/CommandLineTools/usr/bin/make  -f CMakeFiles/cmTC_d3013.dir/build.make CMakeFiles/cmTC_d3013.dir/build
Building CXX object CMakeFiles/cmTC_d3013.dir/CheckSymbolExists.cxx.o
/Library/Developer/CommandLineTools/usr/bin/c++  -F/usr/local/lib -std=c++11 -fPIC  -o CMakeFiles/cmTC_d3013.dir/CheckSymbolExists.cxx.o -c /Users/yueguo/Downloads/HFO/build/CMakeFiles/CMakeTmp/CheckSymbolExists.cxx
/Users/yueguo/Downloads/HFO/build/CMakeFiles/CMakeTmp/CheckSymbolExists.cxx:8:19: error: use of undeclared identifier 'Q_WS_WIN'
  return ((int*)(&Q_WS_WIN))[argc];
                  ^
1 error generated.
make[1]: *** [CMakeFiles/cmTC_d3013.dir/CheckSymbolExists.cxx.o] Error 1
make: *** [cmTC_d3013/fast] Error 2


File /Users/yueguo/Downloads/HFO/build/CMakeFiles/CMakeTmp/CheckSymbolExists.cxx:
/* */
#include <QtCore/qglobal.h>

int main(int argc, char** argv)
{
  (void)argv;
#ifndef Q_WS_WIN
  return ((int*)(&Q_WS_WIN))[argc];
#else
  (void)argc;
  return 0;
#endif
}
Determining if the Q_WS_QWS exist failed with the following output:
Change Dir: /Users/yueguo/Downloads/HFO/build/CMakeFiles/CMakeTmp

Run Build Command(s):/usr/bin/make cmTC_d016c/fast && /Library/Developer/CommandLineTools/usr/bin/make  -f CMakeFiles/cmTC_d016c.dir/build.make CMakeFiles/cmTC_d016c.dir/build
Building CXX object CMakeFiles/cmTC_d016c.dir/CheckSymbolExists.cxx.o
/Library/Developer/CommandLineTools/usr/bin/c++  -F/usr/local/lib -std=c++11 -fPIC  -o CMakeFiles/cmTC_d016c.dir/CheckSymbolExists.cxx.o -c /Users/yueguo/Downloads/HFO/build/CMakeFiles/CMakeTmp/CheckSymbolExists.cxx
/Users/yueguo/Downloads/HFO/build/CMakeFiles/CMakeTmp/CheckSymbolExists.cxx:8:19: error: use of undeclared identifier 'Q_WS_QWS'
  return ((int*)(&Q_WS_QWS))[argc];
                  ^
1 error generated.
make[1]: *** [CMakeFiles/cmTC_d016c.dir/CheckSymbolExists.cxx.o] Error 1
make: *** [cmTC_d016c/fast] Error 2


File /Users/yueguo/Downloads/HFO/build/CMakeFiles/CMakeTmp/CheckSymbolExists.cxx:
/* */
#include <QtCore/qglobal.h>

int main(int argc, char** argv)
{
  (void)argv;
#ifndef Q_WS_QWS
  return ((int*)(&Q_WS_QWS))[argc];
#else
  (void)argc;
  return 0;
#endif
}
